<?xml version="1.0" encoding="UTF-8"?>
<!-- Generated by org.testng.reporters.JUnitXMLReporter -->
<testsuite ignored="0" hostname="LAPTOP-OO0DI5VI" failures="1" tests="3" name="Test" time="7.498" errors="0" timestamp="2025-10-10T00:43:37 IST">
  <testcase classname="day46.OrangeHRM" name="testlogo" time="0.053"/>
  <testcase classname="day46.OrangeHRM" name="testURL" time="0.016">
    <failure type="java.lang.AssertionError" message="expected [https://opensource-demo.orangehrmlive.com/web/index.php/auth/logi ] but found [https://opensource-demo.orangehrmlive.com/web/index.php/auth/login]">
      <![CDATA[java.lang.AssertionError: expected [https://opensource-demo.orangehrmlive.com/web/index.php/auth/logi ] but found [https://opensource-demo.orangehrmlive.com/web/index.php/auth/login]
at day46.OrangeHRM.testURL(OrangeHRM.java:36)
at java.base/java.util.ArrayList.forEach(ArrayList.java:1596)
... Removed 31 stack frames]]>
    </failure>
  </testcase> <!-- testURL -->
  <testcase classname="day46.OrangeHRM" name="testHomepage" time="0.0">
    <skipped/>
  </testcase> <!-- testHomepage -->
</testsuite> <!-- Test -->
