<?xml version="1.0" encoding="UTF-8"?>
<!-- Generated by org.testng.reporters.JUnitReportReporter -->
<testsuite hostname="LAPTOP-OO0DI5VI" failures="0" tests="3" name="day42.FirstTestCase" time="0.015" errors="0" timestamp="2025-10-04T11:15:05 IST" skipped="0">
  <testcase classname="day42.FirstTestCase" name="login" time="0.011"/>
  <testcase classname="day42.FirstTestCase" name="logout" time="0.002"/>
  <testcase classname="day42.FirstTestCase" name="openapp" time="0.002"/>
</testsuite> <!-- day42.FirstTestCase -->
