<?xml version="1.0" encoding="UTF-8"?>
<!-- Generated by org.testng.reporters.JUnitReportReporter -->
<testsuite hostname="LAPTOP-OO0DI5VI" failures="0" tests="4" name="day42.OrangeHRMTest" time="12.355" errors="0" timestamp="2025-10-04T12:06:22 IST" skipped="0">
  <testcase classname="day42.OrangeHRMTest" name="openapp" time="8.618"/>
  <testcase classname="day42.OrangeHRMTest" name="testlogo" time="3.104"/>
  <testcase classname="day42.OrangeHRMTest" name="login" time="0.473"/>
  <testcase classname="day42.OrangeHRMTest" name="close" time="0.160"/>
</testsuite> <!-- day42.OrangeHRMTest -->
